d:\source code\github\supermariobros3\supermariobros3\debug\vc142.pdb
d:\source code\github\supermariobros3\supermariobros3\debug\vc142.idb
d:\source code\github\supermariobros3\supermariobros3\debug\hud.obj
d:\source code\github\supermariobros3\supermariobros3\debug\font.obj
d:\source code\github\supermariobros3\supermariobros3\debug\firepiranhaplant.obj
d:\source code\github\supermariobros3\supermariobros3\debug\firebullet.obj
d:\source code\github\supermariobros3\supermariobros3\debug\score.obj
d:\source code\github\supermariobros3\supermariobros3\debug\introscene.obj
d:\source code\github\supermariobros3\supermariobros3\debug\introobject.obj
d:\source code\github\supermariobros3\supermariobros3\debug\introground.obj
d:\source code\github\supermariobros3\supermariobros3\debug\grid.obj
d:\source code\github\supermariobros3\supermariobros3\debug\floatingwood.obj
d:\source code\github\supermariobros3\supermariobros3\debug\coin.obj
d:\source code\github\supermariobros3\supermariobros3\debug\card.obj
d:\source code\github\supermariobros3\supermariobros3\debug\brick.obj
d:\source code\github\supermariobros3\supermariobros3\debug\breakablebrick.obj
d:\source code\github\supermariobros3\supermariobros3\debug\boomerangbrother.obj
d:\source code\github\supermariobros3\supermariobros3\debug\boomerang.obj
d:\source code\github\supermariobros3\supermariobros3\debug\block.obj
d:\source code\github\supermariobros3\supermariobros3\debug\backup.obj
d:\source code\github\supermariobros3\supermariobros3\debug\animations.obj
d:\source code\github\supermariobros3\supermariobros3\debug\abyss.obj
d:\source code\github\supermariobros3\supermariobros3\debug\sprites.obj
d:\source code\github\supermariobros3\supermariobros3\debug\scene.obj
d:\source code\github\supermariobros3\supermariobros3\debug\playscene.obj
d:\source code\github\supermariobros3\supermariobros3\debug\mario.obj
d:\source code\github\supermariobros3\supermariobros3\debug\main.obj
d:\source code\github\supermariobros3\supermariobros3\debug\goomba.obj
d:\source code\github\supermariobros3\supermariobros3\debug\gameobject.obj
d:\source code\github\supermariobros3\supermariobros3\debug\game.obj
d:\source code\github\supermariobros3\supermariobros3\debug\utils.obj
d:\source code\github\supermariobros3\supermariobros3\debug\tail.obj
d:\source code\github\supermariobros3\supermariobros3\debug\switch.obj
d:\source code\github\supermariobros3\supermariobros3\debug\questionbrick.obj
d:\source code\github\supermariobros3\supermariobros3\debug\portal.obj
d:\source code\github\supermariobros3\supermariobros3\debug\plantbullet.obj
d:\source code\github\supermariobros3\supermariobros3\debug\piranhaplant.obj
d:\source code\github\supermariobros3\supermariobros3\debug\piece.obj
d:\source code\github\supermariobros3\supermariobros3\debug\mushroom.obj
d:\source code\github\supermariobros3\supermariobros3\debug\map.obj
d:\source code\github\supermariobros3\supermariobros3\debug\leaf.obj
d:\source code\github\supermariobros3\supermariobros3\debug\koopas.obj
d:\source code\github\supermariobros3\supermariobros3\debug\worldscene.obj
d:\source code\github\supermariobros3\supermariobros3\debug\worldplayer.obj
d:\source code\github\supermariobros3\supermariobros3\debug\worldmapobject.obj
d:\source code\github\supermariobros3\supermariobros3\debug\textures.obj
d:\source code\github\supermariobros3\debug\supermariobros3.exe
d:\source code\github\supermariobros3\supermariobros3\debug\supermariobros3.ilk
d:\source code\github\supermariobros3\debug\supermariobros3.pdb
d:\source code\github\supermariobros3\supermariobros3\debug\supermariobros3.tlog\cl.command.1.tlog
d:\source code\github\supermariobros3\supermariobros3\debug\supermariobros3.tlog\cl.read.1.tlog
d:\source code\github\supermariobros3\supermariobros3\debug\supermariobros3.tlog\cl.write.1.tlog
d:\source code\github\supermariobros3\supermariobros3\debug\supermariobros3.tlog\link.command.1.tlog
d:\source code\github\supermariobros3\supermariobros3\debug\supermariobros3.tlog\link.read.1.tlog
d:\source code\github\supermariobros3\supermariobros3\debug\supermariobros3.tlog\link.write.1.tlog
